Flow report for ADC_HPS
Thu Jul 02 17:59:35 2020
Quartus Prime Version 16.0.0 Build 211 04/27/2016 SJ Standard Edition


---------------------
; Table of Contents ;
---------------------
  1. Legal Notice
  2. Flow Summary
  3. Flow Settings
  4. Flow Non-Default Global Settings
  5. Flow Elapsed Time
  6. Flow OS Summary
  7. Flow Log
  8. Flow Messages
  9. Flow Suppressed Messages



----------------
; Legal Notice ;
----------------
Copyright (C) 1991-2016 Altera Corporation. All rights reserved.
Your use of Altera Corporation's design tools, logic functions 
and other software and tools, and its AMPP partner logic 
functions, and any output files from any of the foregoing 
(including device programming or simulation files), and any 
associated documentation or information are expressly subject 
to the terms and conditions of the Altera Program License 
Subscription Agreement, the Altera Quartus Prime License Agreement,
the Altera MegaCore Function License Agreement, or other 
applicable license agreement, including, without limitation, 
that your use is for the sole purpose of programming logic 
devices manufactured by Altera and sold by Altera or its 
authorized distributors.  Please refer to the applicable 
agreement for further details.



+-----------------------------------------------------------------------------------+
; Flow Summary                                                                      ;
+---------------------------------+-------------------------------------------------+
; Flow Status                     ; Successful - Thu Jul 02 17:56:23 2020           ;
; Quartus Prime Version           ; 16.0.0 Build 211 04/27/2016 SJ Standard Edition ;
; Revision Name                   ; ADC_HPS                                         ;
; Top-level Entity Name           ; ADC_HPS                                         ;
; Family                          ; Cyclone V                                       ;
; Device                          ; 5CSEMA5F31C6                                    ;
; Timing Models                   ; Final                                           ;
; Logic utilization (in ALMs)     ; N/A until Partition Merge                       ;
; Total registers                 ; N/A until Partition Merge                       ;
; Total pins                      ; N/A until Partition Merge                       ;
; Total virtual pins              ; N/A until Partition Merge                       ;
; Total block memory bits         ; N/A until Partition Merge                       ;
; Total DSP Blocks                ; N/A until Partition Merge                       ;
; Total HSSI RX PCSs              ; N/A until Partition Merge                       ;
; Total HSSI PMA RX Deserializers ; N/A until Partition Merge                       ;
; Total HSSI TX PCSs              ; N/A until Partition Merge                       ;
; Total HSSI PMA TX Serializers   ; N/A until Partition Merge                       ;
; Total PLLs                      ; N/A until Partition Merge                       ;
; Total DLLs                      ; N/A until Partition Merge                       ;
+---------------------------------+-------------------------------------------------+


+-----------------------------------------+
; Flow Settings                           ;
+-------------------+---------------------+
; Option            ; Setting             ;
+-------------------+---------------------+
; Start date & time ; 07/02/2020 17:55:56 ;
; Main task         ; Compilation         ;
; Revision Name     ; ADC_HPS             ;
+-------------------+---------------------+


+--------------------------------------------------------------------------------------------------------------------------------------------------------------------------------+
; Flow Non-Default Global Settings                                                                                                                                               ;
+-------------------------------------+---------------------------------------------------------------------------+---------------+---------------------------------+------------+
; Assignment Name                     ; Value                                                                     ; Default Value ; Entity Name                     ; Section Id ;
+-------------------------------------+---------------------------------------------------------------------------+---------------+---------------------------------+------------+
; COMPILER_SIGNATURE_ID               ; 44883549519213.159370175612872                                            ; --            ; --                              ; --         ;
; HPS_ISW_FILE                        ; ADC_HPS_sys/synthesis/submodules/sequencer/alt_types.pre.h                ; --            ; ADC_HPS_sys_hps_0_hps_io_border ; --         ;
; HPS_ISW_FILE                        ; ADC_HPS_sys/synthesis/submodules/sequencer/emif.pre.xml                   ; --            ; ADC_HPS_sys_hps_0_hps_io_border ; --         ;
; HPS_ISW_FILE                        ; ADC_HPS_sys/synthesis/submodules/sequencer/sdram_io.pre.h                 ; --            ; ADC_HPS_sys_hps_0_hps_io_border ; --         ;
; HPS_ISW_FILE                        ; ADC_HPS_sys/synthesis/submodules/sequencer/sequencer.pre.c                ; --            ; ADC_HPS_sys_hps_0_hps_io_border ; --         ;
; HPS_ISW_FILE                        ; ADC_HPS_sys/synthesis/submodules/sequencer/sequencer.pre.h                ; --            ; ADC_HPS_sys_hps_0_hps_io_border ; --         ;
; HPS_ISW_FILE                        ; ADC_HPS_sys/synthesis/submodules/sequencer/sequencer_auto.pre.h           ; --            ; ADC_HPS_sys_hps_0_hps_io_border ; --         ;
; HPS_ISW_FILE                        ; ADC_HPS_sys/synthesis/submodules/sequencer/sequencer_auto_ac_init.pre.c   ; --            ; ADC_HPS_sys_hps_0_hps_io_border ; --         ;
; HPS_ISW_FILE                        ; ADC_HPS_sys/synthesis/submodules/sequencer/sequencer_auto_inst_init.pre.c ; --            ; ADC_HPS_sys_hps_0_hps_io_border ; --         ;
; HPS_ISW_FILE                        ; ADC_HPS_sys/synthesis/submodules/sequencer/sequencer_defines.pre.h        ; --            ; ADC_HPS_sys_hps_0_hps_io_border ; --         ;
; HPS_ISW_FILE                        ; ADC_HPS_sys/synthesis/submodules/sequencer/system.pre.h                   ; --            ; ADC_HPS_sys_hps_0_hps_io_border ; --         ;
; HPS_ISW_FILE                        ; ADC_HPS_sys/synthesis/submodules/sequencer/tclrpt.pre.c                   ; --            ; ADC_HPS_sys_hps_0_hps_io_border ; --         ;
; HPS_ISW_FILE                        ; ADC_HPS_sys/synthesis/submodules/sequencer/tclrpt.pre.h                   ; --            ; ADC_HPS_sys_hps_0_hps_io_border ; --         ;
; HPS_ISW_FILE                        ; ADC_HPS_sys/synthesis/submodules/hps.pre.xml                              ; --            ; ADC_HPS_sys_hps_0_hps_io_border ; --         ;
; HPS_PARTITION                       ; On                                                                        ; --            ; ADC_HPS_sys_hps_0_hps_io_border ; --         ;
; MAX_CORE_JUNCTION_TEMP              ; 85                                                                        ; --            ; --                              ; --         ;
; MIN_CORE_JUNCTION_TEMP              ; 0                                                                         ; --            ; --                              ; --         ;
; MISC_FILE                           ; ADC_HPS_sys/synthesis/../ADC_HPS_sys.cmp                                  ; --            ; --                              ; --         ;
; MISC_FILE                           ; ADC_HPS_sys/synthesis/../../C                                             ; --            ; --                              ; --         ;
; MISC_FILE                           ; ADC_HPS_sys/synthesis/ADC_HPS_sys_hps_0_hps.svd                           ; --            ; --                              ; --         ;
; MISC_FILE                           ; ADC_HPS_sys/synthesis/../../ADC_HPS_sys.qsys                              ; --            ; --                              ; --         ;
; MISC_FILE                           ; ADC_HPS_sys/synthesis/submodules/sequencer/alt_types.pre.h                ; --            ; --                              ; --         ;
; MISC_FILE                           ; ADC_HPS_sys/synthesis/submodules/sequencer/emif.pre.xml                   ; --            ; --                              ; --         ;
; MISC_FILE                           ; ADC_HPS_sys/synthesis/submodules/sequencer/sdram_io.pre.h                 ; --            ; --                              ; --         ;
; MISC_FILE                           ; ADC_HPS_sys/synthesis/submodules/sequencer/sequencer.pre.c                ; --            ; --                              ; --         ;
; MISC_FILE                           ; ADC_HPS_sys/synthesis/submodules/sequencer/sequencer.pre.h                ; --            ; --                              ; --         ;
; MISC_FILE                           ; ADC_HPS_sys/synthesis/submodules/sequencer/sequencer_auto.pre.h           ; --            ; --                              ; --         ;
; MISC_FILE                           ; ADC_HPS_sys/synthesis/submodules/sequencer/sequencer_auto_ac_init.pre.c   ; --            ; --                              ; --         ;
; MISC_FILE                           ; ADC_HPS_sys/synthesis/submodules/sequencer/sequencer_auto_inst_init.pre.c ; --            ; --                              ; --         ;
; MISC_FILE                           ; ADC_HPS_sys/synthesis/submodules/sequencer/sequencer_defines.pre.h        ; --            ; --                              ; --         ;
; MISC_FILE                           ; ADC_HPS_sys/synthesis/submodules/sequencer/system.pre.h                   ; --            ; --                              ; --         ;
; MISC_FILE                           ; ADC_HPS_sys/synthesis/submodules/sequencer/tclrpt.pre.c                   ; --            ; --                              ; --         ;
; MISC_FILE                           ; ADC_HPS_sys/synthesis/submodules/sequencer/tclrpt.pre.h                   ; --            ; --                              ; --         ;
; MISC_FILE                           ; ADC_HPS_sys/synthesis/submodules/hps.pre.xml                              ; --            ; --                              ; --         ;
; PARTITION_COLOR                     ; 16764057                                                                  ; --            ; --                              ; Top        ;
; PARTITION_FITTER_PRESERVATION_LEVEL ; PLACEMENT_AND_ROUTING                                                     ; --            ; --                              ; Top        ;
; PARTITION_NETLIST_TYPE              ; SOURCE                                                                    ; --            ; --                              ; Top        ;
; POWER_BOARD_THERMAL_MODEL           ; None (CONSERVATIVE)                                                       ; --            ; --                              ; --         ;
; POWER_PRESET_COOLING_SOLUTION       ; 23 MM HEAT SINK WITH 200 LFPM AIRFLOW                                     ; --            ; --                              ; --         ;
; SLD_FILE                            ; ADC_HPS_sys/synthesis/ADC_HPS_sys.regmap                                  ; --            ; --                              ; --         ;
; SLD_FILE                            ; ADC_HPS_sys/synthesis/ADC_HPS_sys.debuginfo                               ; --            ; --                              ; --         ;
; SLD_INFO                            ; QSYS_NAME ADC_HPS_sys HAS_SOPCINFO 1 GENERATION_ID 1593699686             ; --            ; ADC_HPS_sys                     ; --         ;
; SOPCINFO_FILE                       ; ADC_HPS_sys/synthesis/../../ADC_HPS_sys.sopcinfo                          ; --            ; --                              ; --         ;
; SYNTHESIS_ONLY_QIP                  ; On                                                                        ; --            ; --                              ; --         ;
+-------------------------------------+---------------------------------------------------------------------------+---------------+---------------------------------+------------+


+--------------------------------------------------------------------------------------------------------------------------+
; Flow Elapsed Time                                                                                                        ;
+----------------------+--------------+-------------------------+---------------------+------------------------------------+
; Module Name          ; Elapsed Time ; Average Processors Used ; Peak Virtual Memory ; Total CPU Time (on all processors) ;
+----------------------+--------------+-------------------------+---------------------+------------------------------------+
; Analysis & Synthesis ; 00:00:32     ; 1.0                     ; 5194 MB             ; 00:00:50                           ;
; Total                ; 00:00:32     ; --                      ; --                  ; 00:00:50                           ;
+----------------------+--------------+-------------------------+---------------------+------------------------------------+


+-----------------------------------------------------------------------------------+
; Flow OS Summary                                                                   ;
+----------------------+------------------+-----------+------------+----------------+
; Module Name          ; Machine Hostname ; OS Name   ; OS Version ; Processor type ;
+----------------------+------------------+-----------+------------+----------------+
; Analysis & Synthesis ; DESKTOP-L78EGBR  ; Windows 8 ; 6.2        ; x86_64         ;
+----------------------+------------------+-----------+------------+----------------+


------------
; Flow Log ;
------------
quartus_map --read_settings_files=on --write_settings_files=off ADC_HPS -c ADC_HPS



