Flow report for OSCILL
Mon Apr 27 03:14:55 2020
Quartus Prime Version 16.0.0 Build 211 04/27/2016 SJ Standard Edition


---------------------
; Table of Contents ;
---------------------
  1. Legal Notice
  2. Flow Summary
  3. Flow Settings
  4. Flow Non-Default Global Settings
  5. Flow Elapsed Time
  6. Flow OS Summary
  7. Flow Log
  8. Flow Messages
  9. Flow Suppressed Messages



----------------
; Legal Notice ;
----------------
Copyright (C) 1991-2016 Altera Corporation. All rights reserved.
Your use of Altera Corporation's design tools, logic functions 
and other software and tools, and its AMPP partner logic 
functions, and any output files from any of the foregoing 
(including device programming or simulation files), and any 
associated documentation or information are expressly subject 
to the terms and conditions of the Altera Program License 
Subscription Agreement, the Altera Quartus Prime License Agreement,
the Altera MegaCore Function License Agreement, or other 
applicable license agreement, including, without limitation, 
that your use is for the sole purpose of programming logic 
devices manufactured by Altera and sold by Altera or its 
authorized distributors.  Please refer to the applicable 
agreement for further details.



+-----------------------------------------------------------------------------------+
; Flow Summary                                                                      ;
+---------------------------------+-------------------------------------------------+
; Flow Status                     ; Successful - Mon Apr 27 03:14:11 2020           ;
; Quartus Prime Version           ; 16.0.0 Build 211 04/27/2016 SJ Standard Edition ;
; Revision Name                   ; OSCILL                                          ;
; Top-level Entity Name           ; OSCILL                                          ;
; Family                          ; Cyclone V                                       ;
; Device                          ; 5CSEMA5F31C6                                    ;
; Timing Models                   ; Final                                           ;
; Logic utilization (in ALMs)     ; 2,098 / 32,070 ( 7 % )                          ;
; Total registers                 ; 3242                                            ;
; Total pins                      ; 136 / 457 ( 30 % )                              ;
; Total virtual pins              ; 0                                               ;
; Total block memory bits         ; 2,650,752 / 4,065,280 ( 65 % )                  ;
; Total DSP Blocks                ; 3 / 87 ( 3 % )                                  ;
; Total HSSI RX PCSs              ; 0                                               ;
; Total HSSI PMA RX Deserializers ; 0                                               ;
; Total HSSI TX PCSs              ; 0                                               ;
; Total HSSI PMA TX Serializers   ; 0                                               ;
; Total PLLs                      ; 2 / 6 ( 33 % )                                  ;
; Total DLLs                      ; 0 / 4 ( 0 % )                                   ;
+---------------------------------+-------------------------------------------------+


+-----------------------------------------+
; Flow Settings                           ;
+-------------------+---------------------+
; Option            ; Setting             ;
+-------------------+---------------------+
; Start date & time ; 04/27/2020 03:08:26 ;
; Main task         ; Compilation         ;
; Revision Name     ; OSCILL              ;
+-------------------+---------------------+


+------------------------------------------------------------------------------------------------------------------------------------------------+
; Flow Non-Default Global Settings                                                                                                               ;
+-------------------------------------+---------------------------------------------------------------+---------------+-------------+------------+
; Assignment Name                     ; Value                                                         ; Default Value ; Entity Name ; Section Id ;
+-------------------------------------+---------------------------------------------------------------+---------------+-------------+------------+
; COMPILER_SIGNATURE_ID               ; 44883549519213.158794610600220                                ; --            ; --          ; --         ;
; MAX_CORE_JUNCTION_TEMP              ; 85                                                            ; --            ; --          ; --         ;
; MIN_CORE_JUNCTION_TEMP              ; 0                                                             ; --            ; --          ; --         ;
; MISC_FILE                           ; clkctrl/synthesis/../clkctrl.cmp                              ; --            ; --          ; --         ;
; MISC_FILE                           ; clkctrl/synthesis/../../clkctrl.qsys                          ; --            ; --          ; --         ;
; MISC_FILE                           ; oscill_nios/synthesis/../oscill_nios.cmp                      ; --            ; --          ; --         ;
; MISC_FILE                           ; oscill_nios/synthesis/../../oscill_nios.qsys                  ; --            ; --          ; --         ;
; PARTITION_COLOR                     ; 16764057                                                      ; --            ; --          ; Top        ;
; PARTITION_FITTER_PRESERVATION_LEVEL ; PLACEMENT_AND_ROUTING                                         ; --            ; --          ; Top        ;
; PARTITION_NETLIST_TYPE              ; SOURCE                                                        ; --            ; --          ; Top        ;
; POWER_BOARD_THERMAL_MODEL           ; None (CONSERVATIVE)                                           ; --            ; --          ; --         ;
; POWER_PRESET_COOLING_SOLUTION       ; 23 MM HEAT SINK WITH 200 LFPM AIRFLOW                         ; --            ; --          ; --         ;
; SLD_FILE                            ; clkctrl/synthesis/clkctrl.debuginfo                           ; --            ; --          ; --         ;
; SLD_FILE                            ; oscill_nios/synthesis/oscill_nios.regmap                      ; --            ; --          ; --         ;
; SLD_FILE                            ; oscill_nios/synthesis/oscill_nios.debuginfo                   ; --            ; --          ; --         ;
; SLD_INFO                            ; QSYS_NAME clkctrl HAS_SOPCINFO 1 GENERATION_ID 1587849442     ; --            ; clkctrl     ; --         ;
; SLD_INFO                            ; QSYS_NAME oscill_nios HAS_SOPCINFO 1 GENERATION_ID 1587946023 ; --            ; oscill_nios ; --         ;
; SOPCINFO_FILE                       ; clkctrl/synthesis/../../clkctrl.sopcinfo                      ; --            ; --          ; --         ;
; SOPCINFO_FILE                       ; oscill_nios/synthesis/../../oscill_nios.sopcinfo              ; --            ; --          ; --         ;
; SYNTHESIS_ONLY_QIP                  ; On                                                            ; --            ; --          ; --         ;
; SYNTHESIS_ONLY_QIP                  ; On                                                            ; --            ; --          ; --         ;
+-------------------------------------+---------------------------------------------------------------+---------------+-------------+------------+


+-------------------------------------------------------------------------------------------------------------------------------+
; Flow Elapsed Time                                                                                                             ;
+---------------------------+--------------+-------------------------+---------------------+------------------------------------+
; Module Name               ; Elapsed Time ; Average Processors Used ; Peak Virtual Memory ; Total CPU Time (on all processors) ;
+---------------------------+--------------+-------------------------+---------------------+------------------------------------+
; Analysis & Synthesis      ; 00:01:25     ; 1.0                     ; 5333 MB             ; 00:01:52                           ;
; Fitter                    ; 00:03:46     ; 1.1                     ; 6923 MB             ; 00:06:22                           ;
; Assembler                 ; 00:00:21     ; 1.0                     ; 5128 MB             ; 00:00:17                           ;
; TimeQuest Timing Analyzer ; 00:00:42     ; 1.5                     ; 5641 MB             ; 00:00:58                           ;
; Total                     ; 00:06:14     ; --                      ; --                  ; 00:09:29                           ;
+---------------------------+--------------+-------------------------+---------------------+------------------------------------+


+----------------------------------------------------------------------------------------+
; Flow OS Summary                                                                        ;
+---------------------------+------------------+-----------+------------+----------------+
; Module Name               ; Machine Hostname ; OS Name   ; OS Version ; Processor type ;
+---------------------------+------------------+-----------+------------+----------------+
; Analysis & Synthesis      ; DESKTOP-PPIDSJ2  ; Windows 8 ; 6.2        ; x86_64         ;
; Fitter                    ; DESKTOP-PPIDSJ2  ; Windows 8 ; 6.2        ; x86_64         ;
; Assembler                 ; DESKTOP-PPIDSJ2  ; Windows 8 ; 6.2        ; x86_64         ;
; TimeQuest Timing Analyzer ; DESKTOP-PPIDSJ2  ; Windows 8 ; 6.2        ; x86_64         ;
+---------------------------+------------------+-----------+------------+----------------+


------------
; Flow Log ;
------------
quartus_map --read_settings_files=on --write_settings_files=off OSCILL -c OSCILL
quartus_fit --read_settings_files=off --write_settings_files=off OSCILL -c OSCILL
quartus_asm --read_settings_files=off --write_settings_files=off OSCILL -c OSCILL
quartus_sta OSCILL -c OSCILL



