Analysis & Synthesis report for SPI
Mon Aug 03 16:00:21 2020
Quartus Prime Version 16.0.0 Build 211 04/27/2016 SJ Standard Edition


---------------------
; Table of Contents ;
---------------------
  1. Legal Notice
  2. Analysis & Synthesis Summary
  3. Analysis & Synthesis Settings
  4. Parallel Compilation
  5. Analysis & Synthesis Source Files Read
  6. Analysis & Synthesis Resource Usage Summary
  7. Analysis & Synthesis Resource Utilization by Entity
  8. Analysis & Synthesis IP Cores Summary
  9. Registers Removed During Synthesis
 10. Removed Registers Triggering Further Register Optimizations
 11. General Register Statistics
 12. Parameter Settings for User Entity Instance: Counter:count_n_freq|lpm_counter:LPM_COUNTER_component
 13. Port Connectivity Checks: "spi_slave:spi"
 14. Port Connectivity Checks: "Counter:count_n_freq"
 15. Post-Synthesis Netlist Statistics for Top Partition
 16. Elapsed Time Per Partition
 17. Analysis & Synthesis Messages



----------------
; Legal Notice ;
----------------
Copyright (C) 1991-2016 Altera Corporation. All rights reserved.
Your use of Altera Corporation's design tools, logic functions 
and other software and tools, and its AMPP partner logic 
functions, and any output files from any of the foregoing 
(including device programming or simulation files), and any 
associated documentation or information are expressly subject 
to the terms and conditions of the Altera Program License 
Subscription Agreement, the Altera Quartus Prime License Agreement,
the Altera MegaCore Function License Agreement, or other 
applicable license agreement, including, without limitation, 
that your use is for the sole purpose of programming logic 
devices manufactured by Altera and sold by Altera or its 
authorized distributors.  Please refer to the applicable 
agreement for further details.



+-----------------------------------------------------------------------------------+
; Analysis & Synthesis Summary                                                      ;
+---------------------------------+-------------------------------------------------+
; Analysis & Synthesis Status     ; Successful - Mon Aug 03 16:00:21 2020           ;
; Quartus Prime Version           ; 16.0.0 Build 211 04/27/2016 SJ Standard Edition ;
; Revision Name                   ; SPI                                             ;
; Top-level Entity Name           ; SPI                                             ;
; Family                          ; Cyclone V                                       ;
; Logic utilization (in ALMs)     ; N/A                                             ;
; Total registers                 ; 9                                               ;
; Total pins                      ; 106                                             ;
; Total virtual pins              ; 0                                               ;
; Total block memory bits         ; 0                                               ;
; Total DSP Blocks                ; 0                                               ;
; Total HSSI RX PCSs              ; 0                                               ;
; Total HSSI PMA RX Deserializers ; 0                                               ;
; Total HSSI TX PCSs              ; 0                                               ;
; Total HSSI PMA TX Serializers   ; 0                                               ;
; Total PLLs                      ; 0                                               ;
; Total DLLs                      ; 0                                               ;
+---------------------------------+-------------------------------------------------+


+---------------------------------------------------------------------------------------------------------------------------+
; Analysis & Synthesis Settings                                                                                             ;
+---------------------------------------------------------------------------------+--------------------+--------------------+
; Option                                                                          ; Setting            ; Default Value      ;
+---------------------------------------------------------------------------------+--------------------+--------------------+
; Device                                                                          ; 5CSEMA5F31C6       ;                    ;
; Top-level entity name                                                           ; SPI                ; SPI                ;
; Family name                                                                     ; Cyclone V          ; Cyclone V          ;
; Use smart compilation                                                           ; Off                ; Off                ;
; Enable parallel Assembler and TimeQuest Timing Analyzer during compilation      ; On                 ; On                 ;
; Enable compact report table                                                     ; Off                ; Off                ;
; Restructure Multiplexers                                                        ; Auto               ; Auto               ;
; MLAB Add Timing Constraints For Mixed-Port Feed-Through Mode Setting Don't Care ; Off                ; Off                ;
; Create Debugging Nodes for IP Cores                                             ; Off                ; Off                ;
; Preserve fewer node names                                                       ; On                 ; On                 ;
; Disable OpenCore Plus hardware evaluation                                       ; Off                ; Off                ;
; Verilog Version                                                                 ; Verilog_2001       ; Verilog_2001       ;
; VHDL Version                                                                    ; VHDL_1993          ; VHDL_1993          ;
; State Machine Processing                                                        ; Auto               ; Auto               ;
; Safe State Machine                                                              ; Off                ; Off                ;
; Extract Verilog State Machines                                                  ; On                 ; On                 ;
; Extract VHDL State Machines                                                     ; On                 ; On                 ;
; Ignore Verilog initial constructs                                               ; Off                ; Off                ;
; Iteration limit for constant Verilog loops                                      ; 5000               ; 5000               ;
; Iteration limit for non-constant Verilog loops                                  ; 250                ; 250                ;
; Add Pass-Through Logic to Inferred RAMs                                         ; On                 ; On                 ;
; Infer RAMs from Raw Logic                                                       ; On                 ; On                 ;
; Parallel Synthesis                                                              ; On                 ; On                 ;
; DSP Block Balancing                                                             ; Auto               ; Auto               ;
; NOT Gate Push-Back                                                              ; On                 ; On                 ;
; Power-Up Don't Care                                                             ; On                 ; On                 ;
; Remove Redundant Logic Cells                                                    ; Off                ; Off                ;
; Remove Duplicate Registers                                                      ; On                 ; On                 ;
; Ignore CARRY Buffers                                                            ; Off                ; Off                ;
; Ignore CASCADE Buffers                                                          ; Off                ; Off                ;
; Ignore GLOBAL Buffers                                                           ; Off                ; Off                ;
; Ignore ROW GLOBAL Buffers                                                       ; Off                ; Off                ;
; Ignore LCELL Buffers                                                            ; Off                ; Off                ;
; Ignore SOFT Buffers                                                             ; On                 ; On                 ;
; Limit AHDL Integers to 32 Bits                                                  ; Off                ; Off                ;
; Optimization Technique                                                          ; Balanced           ; Balanced           ;
; Carry Chain Length                                                              ; 70                 ; 70                 ;
; Auto Carry Chains                                                               ; On                 ; On                 ;
; Auto Open-Drain Pins                                                            ; On                 ; On                 ;
; Perform WYSIWYG Primitive Resynthesis                                           ; Off                ; Off                ;
; Auto ROM Replacement                                                            ; On                 ; On                 ;
; Auto RAM Replacement                                                            ; On                 ; On                 ;
; Auto DSP Block Replacement                                                      ; On                 ; On                 ;
; Auto Shift Register Replacement                                                 ; Auto               ; Auto               ;
; Allow Shift Register Merging across Hierarchies                                 ; Auto               ; Auto               ;
; Auto Clock Enable Replacement                                                   ; On                 ; On                 ;
; Strict RAM Replacement                                                          ; Off                ; Off                ;
; Allow Synchronous Control Signals                                               ; On                 ; On                 ;
; Force Use of Synchronous Clear Signals                                          ; Off                ; Off                ;
; Auto Resource Sharing                                                           ; Off                ; Off                ;
; Allow Any RAM Size For Recognition                                              ; Off                ; Off                ;
; Allow Any ROM Size For Recognition                                              ; Off                ; Off                ;
; Allow Any Shift Register Size For Recognition                                   ; Off                ; Off                ;
; Use LogicLock Constraints during Resource Balancing                             ; On                 ; On                 ;
; Ignore translate_off and synthesis_off directives                               ; Off                ; Off                ;
; Timing-Driven Synthesis                                                         ; On                 ; On                 ;
; Report Parameter Settings                                                       ; On                 ; On                 ;
; Report Source Assignments                                                       ; On                 ; On                 ;
; Report Connectivity Checks                                                      ; On                 ; On                 ;
; Ignore Maximum Fan-Out Assignments                                              ; Off                ; Off                ;
; Synchronization Register Chain Length                                           ; 3                  ; 3                  ;
; PowerPlay Power Optimization During Synthesis                                   ; Normal compilation ; Normal compilation ;
; HDL message level                                                               ; Level2             ; Level2             ;
; Suppress Register Optimization Related Messages                                 ; Off                ; Off                ;
; Number of Removed Registers Reported in Synthesis Report                        ; 5000               ; 5000               ;
; Number of Swept Nodes Reported in Synthesis Report                              ; 5000               ; 5000               ;
; Number of Inverted Registers Reported in Synthesis Report                       ; 100                ; 100                ;
; Clock MUX Protection                                                            ; On                 ; On                 ;
; Auto Gated Clock Conversion                                                     ; Off                ; Off                ;
; Block Design Naming                                                             ; Auto               ; Auto               ;
; SDC constraint protection                                                       ; Off                ; Off                ;
; Synthesis Effort                                                                ; Auto               ; Auto               ;
; Shift Register Replacement - Allow Asynchronous Clear Signal                    ; On                 ; On                 ;
; Pre-Mapping Resynthesis Optimization                                            ; Off                ; Off                ;
; Analysis & Synthesis Message Level                                              ; Medium             ; Medium             ;
; Disable Register Merging Across Hierarchies                                     ; Auto               ; Auto               ;
; Resource Aware Inference For Block RAM                                          ; On                 ; On                 ;
; Synthesis Seed                                                                  ; 1                  ; 1                  ;
; Automatic Parallel Synthesis                                                    ; On                 ; On                 ;
; Partial Reconfiguration Bitstream ID                                            ; Off                ; Off                ;
+---------------------------------------------------------------------------------+--------------------+--------------------+


+------------------------------------------+
; Parallel Compilation                     ;
+----------------------------+-------------+
; Processors                 ; Number      ;
+----------------------------+-------------+
; Number detected on machine ; 4           ;
; Maximum allowed            ; 2           ;
;                            ;             ;
; Average used               ; 1.00        ;
; Maximum used               ; 1           ;
;                            ;             ;
; Usage by Processor         ; % Time Used ;
;     Processor 1            ; 100.0%      ;
+----------------------------+-------------+


+----------------------------------------------------------------------------------------------------------------------------------------------------------------------+
; Analysis & Synthesis Source Files Read                                                                                                                               ;
+----------------------------------+-----------------+------------------------------+------------------------------------------------------------------------+---------+
; File Name with User-Entered Path ; Used in Netlist ; File Type                    ; File Name with Absolute Path                                           ; Library ;
+----------------------------------+-----------------+------------------------------+------------------------------------------------------------------------+---------+
; ../frequency_meter/Counter.v     ; yes             ; User Wizard-Generated File   ; C:/Users/petry/OneDrive/projects_quartus/frequency_meter/Counter.v     ;         ;
; ../frequency_meter/spi_slave.v   ; yes             ; User Verilog HDL File        ; C:/Users/petry/OneDrive/projects_quartus/frequency_meter/spi_slave.v   ;         ;
; spi.v                            ; yes             ; Auto-Found Verilog HDL File  ; C:/Users/petry/OneDrive/projects_quartus/SPI/spi.v                     ;         ;
; lpm_counter.tdf                  ; yes             ; Megafunction                 ; c:/altera/16.0/quartus/libraries/megafunctions/lpm_counter.tdf         ;         ;
; lpm_constant.inc                 ; yes             ; Megafunction                 ; c:/altera/16.0/quartus/libraries/megafunctions/lpm_constant.inc        ;         ;
; lpm_decode.inc                   ; yes             ; Megafunction                 ; c:/altera/16.0/quartus/libraries/megafunctions/lpm_decode.inc          ;         ;
; lpm_add_sub.inc                  ; yes             ; Megafunction                 ; c:/altera/16.0/quartus/libraries/megafunctions/lpm_add_sub.inc         ;         ;
; cmpconst.inc                     ; yes             ; Megafunction                 ; c:/altera/16.0/quartus/libraries/megafunctions/cmpconst.inc            ;         ;
; lpm_compare.inc                  ; yes             ; Megafunction                 ; c:/altera/16.0/quartus/libraries/megafunctions/lpm_compare.inc         ;         ;
; lpm_counter.inc                  ; yes             ; Megafunction                 ; c:/altera/16.0/quartus/libraries/megafunctions/lpm_counter.inc         ;         ;
; dffeea.inc                       ; yes             ; Megafunction                 ; c:/altera/16.0/quartus/libraries/megafunctions/dffeea.inc              ;         ;
; alt_counter_stratix.inc          ; yes             ; Megafunction                 ; c:/altera/16.0/quartus/libraries/megafunctions/alt_counter_stratix.inc ;         ;
; aglobal160.inc                   ; yes             ; Megafunction                 ; c:/altera/16.0/quartus/libraries/megafunctions/aglobal160.inc          ;         ;
; db/cntr_n7l.tdf                  ; yes             ; Auto-Generated Megafunction  ; C:/Users/petry/OneDrive/projects_quartus/SPI/db/cntr_n7l.tdf           ;         ;
; db/cmpr_c9c.tdf                  ; yes             ; Auto-Generated Megafunction  ; C:/Users/petry/OneDrive/projects_quartus/SPI/db/cmpr_c9c.tdf           ;         ;
+----------------------------------+-----------------+------------------------------+------------------------------------------------------------------------+---------+


+-------------------------------------------------------------+
; Analysis & Synthesis Resource Usage Summary                 ;
+---------------------------------------------+---------------+
; Resource                                    ; Usage         ;
+---------------------------------------------+---------------+
; Estimate of Logic utilization (ALMs needed) ; 5             ;
;                                             ;               ;
; Combinational ALUT usage for logic          ; 9             ;
;     -- 7 input functions                    ; 0             ;
;     -- 6 input functions                    ; 0             ;
;     -- 5 input functions                    ; 0             ;
;     -- 4 input functions                    ; 5             ;
;     -- <=3 input functions                  ; 4             ;
;                                             ;               ;
; Dedicated logic registers                   ; 9             ;
;                                             ;               ;
; I/O pins                                    ; 106           ;
;                                             ;               ;
; Total DSP Blocks                            ; 0             ;
;                                             ;               ;
; Maximum fan-out node                        ; GPIO[3]~input ;
; Maximum fan-out                             ; 10            ;
; Total fan-out                               ; 200           ;
; Average fan-out                             ; 0.75          ;
+---------------------------------------------+---------------+


+-------------------------------------------------------------------------------------------------------------------------------------------------------------------------+
; Analysis & Synthesis Resource Utilization by Entity                                                                                                                     ;
+----------------------------+-------------------+--------------+-------------------+------------+------+--------------+---------------------+-------------+--------------+
; Compilation Hierarchy Node ; LC Combinationals ; LC Registers ; Block Memory Bits ; DSP Blocks ; Pins ; Virtual Pins ; Full Hierarchy Name ; Entity Name ; Library Name ;
+----------------------------+-------------------+--------------+-------------------+------------+------+--------------+---------------------+-------------+--------------+
; |SPI                       ; 9 (0)             ; 9 (0)        ; 0                 ; 0          ; 106  ; 0            ; |SPI                ; SPI         ; work         ;
;    |spi_slave:spi|         ; 9 (9)             ; 9 (9)        ; 0                 ; 0          ; 0    ; 0            ; |SPI|spi_slave:spi  ; spi_slave   ; work         ;
+----------------------------+-------------------+--------------+-------------------+------------+------+--------------+---------------------+-------------+--------------+
Note: For table entries with two numbers listed, the numbers in parentheses indicate the number of resources of the given type used by the specific entity alone. The numbers listed outside of parentheses indicate the total resources of the given type used by the specific entity and all of its sub-entities in the hierarchy.


+--------------------------------------------------------------------------------------------------------------------------+
; Analysis & Synthesis IP Cores Summary                                                                                    ;
+--------+--------------+---------+--------------+--------------+---------------------------+------------------------------+
; Vendor ; IP Core Name ; Version ; Release Date ; License Type ; Entity Instance           ; IP Include File              ;
+--------+--------------+---------+--------------+--------------+---------------------------+------------------------------+
; Altera ; LPM_COUNTER  ; 16.0    ; N/A          ; N/A          ; |SPI|Counter:count_n_freq ; ../frequency_meter/Counter.v ;
+--------+--------------+---------+--------------+--------------+---------------------------+------------------------------+


+-----------------------------------------------------------------------------------------------------------------------------------------------+
; Registers Removed During Synthesis                                                                                                            ;
+------------------------------------------------------------------------------------------------------+----------------------------------------+
; Register name                                                                                        ; Reason for Removal                     ;
+------------------------------------------------------------------------------------------------------+----------------------------------------+
; tdata[0,1]                                                                                           ; Stuck at VCC due to stuck port data_in ;
; tdata[2..6]                                                                                          ; Stuck at GND due to stuck port data_in ;
; tdata[7]                                                                                             ; Stuck at VCC due to stuck port data_in ;
; spi_slave:spi|treg[0,1]                                                                              ; Stuck at VCC due to stuck port data_in ;
; spi_slave:spi|done                                                                                   ; Lost fanout                            ;
; Counter:count_n_freq|lpm_counter:LPM_COUNTER_component|cntr_n7l:auto_generated|counter_reg_bit[0..3] ; Lost fanout                            ;
; spi_slave:spi|nb[3]                                                                                  ; Stuck at GND due to stuck port data_in ;
; Total Number of Removed Registers = 16                                                               ;                                        ;
+------------------------------------------------------------------------------------------------------+----------------------------------------+


+---------------------------------------------------------------------------------------+
; Removed Registers Triggering Further Register Optimizations                           ;
+---------------+---------------------------+-------------------------------------------+
; Register name ; Reason for Removal        ; Registers Removed due to This Register    ;
+---------------+---------------------------+-------------------------------------------+
; tdata[0]      ; Stuck at VCC              ; spi_slave:spi|treg[0], spi_slave:spi|done ;
;               ; due to stuck port data_in ;                                           ;
; tdata[1]      ; Stuck at VCC              ; spi_slave:spi|treg[1]                     ;
;               ; due to stuck port data_in ;                                           ;
+---------------+---------------------------+-------------------------------------------+


+------------------------------------------------------+
; General Register Statistics                          ;
+----------------------------------------------+-------+
; Statistic                                    ; Value ;
+----------------------------------------------+-------+
; Total registers                              ; 9     ;
; Number of registers using Synchronous Clear  ; 0     ;
; Number of registers using Synchronous Load   ; 0     ;
; Number of registers using Asynchronous Clear ; 3     ;
; Number of registers using Asynchronous Load  ; 0     ;
; Number of registers using Clock Enable       ; 6     ;
; Number of registers using Preset             ; 0     ;
+----------------------------------------------+-------+


+-----------------------------------------------------------------------------------------------------+
; Parameter Settings for User Entity Instance: Counter:count_n_freq|lpm_counter:LPM_COUNTER_component ;
+------------------------+-------------+--------------------------------------------------------------+
; Parameter Name         ; Value       ; Type                                                         ;
+------------------------+-------------+--------------------------------------------------------------+
; AUTO_CARRY_CHAINS      ; ON          ; AUTO_CARRY                                                   ;
; IGNORE_CARRY_BUFFERS   ; OFF         ; IGNORE_CARRY                                                 ;
; AUTO_CASCADE_CHAINS    ; ON          ; AUTO_CASCADE                                                 ;
; IGNORE_CASCADE_BUFFERS ; OFF         ; IGNORE_CASCADE                                               ;
; LPM_WIDTH              ; 4           ; Signed Integer                                               ;
; LPM_DIRECTION          ; UP          ; Untyped                                                      ;
; LPM_MODULUS            ; 10          ; Signed Integer                                               ;
; LPM_AVALUE             ; UNUSED      ; Untyped                                                      ;
; LPM_SVALUE             ; UNUSED      ; Untyped                                                      ;
; LPM_PORT_UPDOWN        ; PORT_UNUSED ; Untyped                                                      ;
; DEVICE_FAMILY          ; Cyclone V   ; Untyped                                                      ;
; CARRY_CHAIN            ; MANUAL      ; Untyped                                                      ;
; CARRY_CHAIN_LENGTH     ; 48          ; CARRY_CHAIN_LENGTH                                           ;
; NOT_GATE_PUSH_BACK     ; ON          ; NOT_GATE_PUSH_BACK                                           ;
; CARRY_CNT_EN           ; SMART       ; Untyped                                                      ;
; LABWIDE_SCLR           ; ON          ; Untyped                                                      ;
; USE_NEW_VERSION        ; TRUE        ; Untyped                                                      ;
; CBXI_PARAMETER         ; cntr_n7l    ; Untyped                                                      ;
+------------------------+-------------+--------------------------------------------------------------+
Note: In order to hide this table in the UI and the text report file, please set the "Show Parameter Settings in Synthesis Report" option in "Analysis and Synthesis Settings -> More Settings" to "Off".


+--------------------------------------------------------------------------------------------------------------------------------------+
; Port Connectivity Checks: "spi_slave:spi"                                                                                            ;
+-------+--------+----------+----------------------------------------------------------------------------------------------------------+
; Port  ; Type   ; Severity ; Details                                                                                                  ;
+-------+--------+----------+----------------------------------------------------------------------------------------------------------+
; rstb  ; Input  ; Info     ; Stuck at VCC                                                                                             ;
; ten   ; Input  ; Info     ; Stuck at VCC                                                                                             ;
; mlb   ; Input  ; Info     ; Stuck at VCC                                                                                             ;
; rdata ; Output ; Warning  ; Declared by entity but not connected by instance. Logic that only feeds a dangling port will be removed. ;
+-------+--------+----------+----------------------------------------------------------------------------------------------------------+


+--------------------------------------------------------------------------------------------------------------------------------------------------------------------------+
; Port Connectivity Checks: "Counter:count_n_freq"                                                                                                                         ;
+-------+--------+----------+----------------------------------------------------------------------------------------------------------------------------------------------+
; Port  ; Type   ; Severity ; Details                                                                                                                                      ;
+-------+--------+----------+----------------------------------------------------------------------------------------------------------------------------------------------+
; q     ; Output ; Info     ; Connected to dangling logic. Logic that only feeds a dangling port will be removed.                                                          ;
; aload ; Input  ; Info     ; Stuck at GND                                                                                                                                 ;
; data  ; Input  ; Warning  ; Input port expression (1 bits) is smaller than the input port (4 bits) it drives.  Extra input bit(s) "data[3..1]" will be connected to GND. ;
; aclr  ; Input  ; Info     ; Stuck at GND                                                                                                                                 ;
; sclr  ; Input  ; Info     ; Stuck at GND                                                                                                                                 ;
; cout  ; Output ; Warning  ; Declared by entity but not connected by instance. Logic that only feeds a dangling port will be removed.                                     ;
+-------+--------+----------+----------------------------------------------------------------------------------------------------------------------------------------------+


+-----------------------------------------------------+
; Post-Synthesis Netlist Statistics for Top Partition ;
+-----------------------+-----------------------------+
; Type                  ; Count                       ;
+-----------------------+-----------------------------+
; arriav_ff             ; 9                           ;
;     CLR               ; 3                           ;
;     ENA               ; 6                           ;
; arriav_io_obuf        ; 36                          ;
; arriav_lcell_comb     ; 10                          ;
;     normal            ; 10                          ;
;         0 data inputs ; 1                           ;
;         1 data inputs ; 1                           ;
;         2 data inputs ; 1                           ;
;         3 data inputs ; 2                           ;
;         4 data inputs ; 5                           ;
; boundary_port         ; 106                         ;
;                       ;                             ;
; Max LUT depth         ; 1.00                        ;
; Average LUT depth     ; 0.30                        ;
+-----------------------+-----------------------------+


+-------------------------------+
; Elapsed Time Per Partition    ;
+----------------+--------------+
; Partition Name ; Elapsed Time ;
+----------------+--------------+
; Top            ; 00:00:01     ;
+----------------+--------------+


+-------------------------------+
; Analysis & Synthesis Messages ;
+-------------------------------+
Info: *******************************************************************
Info: Running Quartus Prime Analysis & Synthesis
    Info: Version 16.0.0 Build 211 04/27/2016 SJ Standard Edition
    Info: Processing started: Mon Aug 03 15:59:55 2020
Info: Command: quartus_map --read_settings_files=on --write_settings_files=off SPI -c SPI
Warning (18236): Number of processors has not been specified which may cause overloading on shared machines.  Set the global assignment NUM_PARALLEL_PROCESSORS in your QSF to an appropriate value for best performance.
Info (20030): Parallel compilation is enabled and will use 2 of the 2 processors detected
Info (12021): Found 1 design units, including 1 entities, in source file /users/petry/onedrive/projects_quartus/frequency_meter/counter.v
    Info (12023): Found entity 1: Counter File: C:/Users/petry/OneDrive/projects_quartus/frequency_meter/Counter.v Line: 40
Info (12021): Found 1 design units, including 1 entities, in source file /users/petry/onedrive/projects_quartus/frequency_meter/spi_slave.v
    Info (12023): Found entity 1: spi_slave File: C:/Users/petry/OneDrive/projects_quartus/frequency_meter/spi_slave.v Line: 46
Warning (12125): Using design file spi.v, which is not specified as a design file for the current project, but contains definitions for 1 design units and 1 entities in project
    Info (12023): Found entity 1: SPI File: C:/Users/petry/OneDrive/projects_quartus/SPI/spi.v Line: 6
Warning (10236): Verilog HDL Implicit Net warning at spi.v(100): created implicit net for "data4" File: C:/Users/petry/OneDrive/projects_quartus/SPI/spi.v Line: 100
Info (12127): Elaborating entity "SPI" for the top level hierarchy
Warning (10034): Output port "HEX0" at spi.v(15) has no driver File: C:/Users/petry/OneDrive/projects_quartus/SPI/spi.v Line: 15
Warning (10034): Output port "HEX1" at spi.v(16) has no driver File: C:/Users/petry/OneDrive/projects_quartus/SPI/spi.v Line: 16
Warning (10034): Output port "HEX2" at spi.v(17) has no driver File: C:/Users/petry/OneDrive/projects_quartus/SPI/spi.v Line: 17
Warning (10034): Output port "HEX3" at spi.v(18) has no driver File: C:/Users/petry/OneDrive/projects_quartus/SPI/spi.v Line: 18
Warning (10034): Output port "HEX4" at spi.v(19) has no driver File: C:/Users/petry/OneDrive/projects_quartus/SPI/spi.v Line: 19
Warning (10034): Output port "HEX5" at spi.v(20) has no driver File: C:/Users/petry/OneDrive/projects_quartus/SPI/spi.v Line: 20
Warning (10034): Output port "LEDR" at spi.v(26) has no driver File: C:/Users/petry/OneDrive/projects_quartus/SPI/spi.v Line: 26
Info (12128): Elaborating entity "Counter" for hierarchy "Counter:count_n_freq" File: C:/Users/petry/OneDrive/projects_quartus/SPI/spi.v Line: 104
Info (12128): Elaborating entity "lpm_counter" for hierarchy "Counter:count_n_freq|lpm_counter:LPM_COUNTER_component" File: C:/Users/petry/OneDrive/projects_quartus/frequency_meter/Counter.v Line: 77
Info (12130): Elaborated megafunction instantiation "Counter:count_n_freq|lpm_counter:LPM_COUNTER_component" File: C:/Users/petry/OneDrive/projects_quartus/frequency_meter/Counter.v Line: 77
Info (12133): Instantiated megafunction "Counter:count_n_freq|lpm_counter:LPM_COUNTER_component" with the following parameter: File: C:/Users/petry/OneDrive/projects_quartus/frequency_meter/Counter.v Line: 77
    Info (12134): Parameter "lpm_direction" = "UP"
    Info (12134): Parameter "lpm_modulus" = "10"
    Info (12134): Parameter "lpm_port_updown" = "PORT_UNUSED"
    Info (12134): Parameter "lpm_type" = "LPM_COUNTER"
    Info (12134): Parameter "lpm_width" = "4"
Warning (287001): Assertion warning: Counter will power up to an undefined state.  An asynchronous signal should be asserted before the counter reaches a known state. File: C:/Users/petry/OneDrive/projects_quartus/SPI/db/cntr_n7l.tdf Line: 142
Info (12021): Found 1 design units, including 1 entities, in source file db/cntr_n7l.tdf
    Info (12023): Found entity 1: cntr_n7l File: C:/Users/petry/OneDrive/projects_quartus/SPI/db/cntr_n7l.tdf Line: 30
Info (12128): Elaborating entity "cntr_n7l" for hierarchy "Counter:count_n_freq|lpm_counter:LPM_COUNTER_component|cntr_n7l:auto_generated" File: c:/altera/16.0/quartus/libraries/megafunctions/lpm_counter.tdf Line: 259
Info (12021): Found 1 design units, including 1 entities, in source file db/cmpr_c9c.tdf
    Info (12023): Found entity 1: cmpr_c9c File: C:/Users/petry/OneDrive/projects_quartus/SPI/db/cmpr_c9c.tdf Line: 23
Info (12128): Elaborating entity "cmpr_c9c" for hierarchy "Counter:count_n_freq|lpm_counter:LPM_COUNTER_component|cntr_n7l:auto_generated|cmpr_c9c:cmpr9" File: C:/Users/petry/OneDrive/projects_quartus/SPI/db/cntr_n7l.tdf Line: 42
Info (12128): Elaborating entity "spi_slave" for hierarchy "spi_slave:spi" File: C:/Users/petry/OneDrive/projects_quartus/SPI/spi.v Line: 123
Warning (10230): Verilog HDL assignment warning at spi_slave.v(74): truncated value with size 32 to match size of target (4) File: C:/Users/petry/OneDrive/projects_quartus/frequency_meter/spi_slave.v Line: 74
Warning (12241): 2 hierarchies have connectivity warnings - see the Connectivity Checks report folder
Warning (13039): The following bidirectional pins have no drivers
    Warning (13040): bidirectional pin "GPIO[1]" has no driver File: C:/Users/petry/OneDrive/projects_quartus/SPI/spi.v Line: 33
    Warning (13040): bidirectional pin "GPIO[3]" has no driver File: C:/Users/petry/OneDrive/projects_quartus/SPI/spi.v Line: 33
    Warning (13040): bidirectional pin "GPIO[5]" has no driver File: C:/Users/petry/OneDrive/projects_quartus/SPI/spi.v Line: 33
    Warning (13040): bidirectional pin "GPIO[0]" has no driver File: C:/Users/petry/OneDrive/projects_quartus/SPI/spi.v Line: 33
    Warning (13040): bidirectional pin "GPIO[2]" has no driver File: C:/Users/petry/OneDrive/projects_quartus/SPI/spi.v Line: 33
    Warning (13040): bidirectional pin "GPIO[4]" has no driver File: C:/Users/petry/OneDrive/projects_quartus/SPI/spi.v Line: 33
    Warning (13040): bidirectional pin "GPIO[6]" has no driver File: C:/Users/petry/OneDrive/projects_quartus/SPI/spi.v Line: 33
    Warning (13040): bidirectional pin "GPIO[8]" has no driver File: C:/Users/petry/OneDrive/projects_quartus/SPI/spi.v Line: 33
    Warning (13040): bidirectional pin "GPIO[9]" has no driver File: C:/Users/petry/OneDrive/projects_quartus/SPI/spi.v Line: 33
    Warning (13040): bidirectional pin "GPIO[10]" has no driver File: C:/Users/petry/OneDrive/projects_quartus/SPI/spi.v Line: 33
    Warning (13040): bidirectional pin "GPIO[11]" has no driver File: C:/Users/petry/OneDrive/projects_quartus/SPI/spi.v Line: 33
    Warning (13040): bidirectional pin "GPIO[12]" has no driver File: C:/Users/petry/OneDrive/projects_quartus/SPI/spi.v Line: 33
    Warning (13040): bidirectional pin "GPIO[13]" has no driver File: C:/Users/petry/OneDrive/projects_quartus/SPI/spi.v Line: 33
    Warning (13040): bidirectional pin "GPIO[14]" has no driver File: C:/Users/petry/OneDrive/projects_quartus/SPI/spi.v Line: 33
    Warning (13040): bidirectional pin "GPIO[15]" has no driver File: C:/Users/petry/OneDrive/projects_quartus/SPI/spi.v Line: 33
    Warning (13040): bidirectional pin "GPIO[16]" has no driver File: C:/Users/petry/OneDrive/projects_quartus/SPI/spi.v Line: 33
    Warning (13040): bidirectional pin "GPIO[17]" has no driver File: C:/Users/petry/OneDrive/projects_quartus/SPI/spi.v Line: 33
    Warning (13040): bidirectional pin "GPIO[18]" has no driver File: C:/Users/petry/OneDrive/projects_quartus/SPI/spi.v Line: 33
    Warning (13040): bidirectional pin "GPIO[19]" has no driver File: C:/Users/petry/OneDrive/projects_quartus/SPI/spi.v Line: 33
    Warning (13040): bidirectional pin "GPIO[20]" has no driver File: C:/Users/petry/OneDrive/projects_quartus/SPI/spi.v Line: 33
    Warning (13040): bidirectional pin "GPIO[21]" has no driver File: C:/Users/petry/OneDrive/projects_quartus/SPI/spi.v Line: 33
    Warning (13040): bidirectional pin "GPIO[22]" has no driver File: C:/Users/petry/OneDrive/projects_quartus/SPI/spi.v Line: 33
    Warning (13040): bidirectional pin "GPIO[23]" has no driver File: C:/Users/petry/OneDrive/projects_quartus/SPI/spi.v Line: 33
    Warning (13040): bidirectional pin "GPIO[24]" has no driver File: C:/Users/petry/OneDrive/projects_quartus/SPI/spi.v Line: 33
    Warning (13040): bidirectional pin "GPIO[25]" has no driver File: C:/Users/petry/OneDrive/projects_quartus/SPI/spi.v Line: 33
    Warning (13040): bidirectional pin "GPIO[26]" has no driver File: C:/Users/petry/OneDrive/projects_quartus/SPI/spi.v Line: 33
    Warning (13040): bidirectional pin "GPIO[27]" has no driver File: C:/Users/petry/OneDrive/projects_quartus/SPI/spi.v Line: 33
    Warning (13040): bidirectional pin "GPIO[28]" has no driver File: C:/Users/petry/OneDrive/projects_quartus/SPI/spi.v Line: 33
    Warning (13040): bidirectional pin "GPIO[29]" has no driver File: C:/Users/petry/OneDrive/projects_quartus/SPI/spi.v Line: 33
    Warning (13040): bidirectional pin "GPIO[30]" has no driver File: C:/Users/petry/OneDrive/projects_quartus/SPI/spi.v Line: 33
    Warning (13040): bidirectional pin "GPIO[31]" has no driver File: C:/Users/petry/OneDrive/projects_quartus/SPI/spi.v Line: 33
    Warning (13040): bidirectional pin "GPIO[32]" has no driver File: C:/Users/petry/OneDrive/projects_quartus/SPI/spi.v Line: 33
    Warning (13040): bidirectional pin "GPIO[33]" has no driver File: C:/Users/petry/OneDrive/projects_quartus/SPI/spi.v Line: 33
    Warning (13040): bidirectional pin "GPIO[34]" has no driver File: C:/Users/petry/OneDrive/projects_quartus/SPI/spi.v Line: 33
    Warning (13040): bidirectional pin "GPIO[35]" has no driver File: C:/Users/petry/OneDrive/projects_quartus/SPI/spi.v Line: 33
Warning (13024): Output pins are stuck at VCC or GND
    Warning (13410): Pin "HEX0[0]" is stuck at GND File: C:/Users/petry/OneDrive/projects_quartus/SPI/spi.v Line: 15
    Warning (13410): Pin "HEX0[1]" is stuck at GND File: C:/Users/petry/OneDrive/projects_quartus/SPI/spi.v Line: 15
    Warning (13410): Pin "HEX0[2]" is stuck at GND File: C:/Users/petry/OneDrive/projects_quartus/SPI/spi.v Line: 15
    Warning (13410): Pin "HEX0[3]" is stuck at GND File: C:/Users/petry/OneDrive/projects_quartus/SPI/spi.v Line: 15
    Warning (13410): Pin "HEX0[4]" is stuck at GND File: C:/Users/petry/OneDrive/projects_quartus/SPI/spi.v Line: 15
    Warning (13410): Pin "HEX0[5]" is stuck at GND File: C:/Users/petry/OneDrive/projects_quartus/SPI/spi.v Line: 15
    Warning (13410): Pin "HEX0[6]" is stuck at GND File: C:/Users/petry/OneDrive/projects_quartus/SPI/spi.v Line: 15
    Warning (13410): Pin "HEX1[0]" is stuck at GND File: C:/Users/petry/OneDrive/projects_quartus/SPI/spi.v Line: 16
    Warning (13410): Pin "HEX1[1]" is stuck at GND File: C:/Users/petry/OneDrive/projects_quartus/SPI/spi.v Line: 16
    Warning (13410): Pin "HEX1[2]" is stuck at GND File: C:/Users/petry/OneDrive/projects_quartus/SPI/spi.v Line: 16
    Warning (13410): Pin "HEX1[3]" is stuck at GND File: C:/Users/petry/OneDrive/projects_quartus/SPI/spi.v Line: 16
    Warning (13410): Pin "HEX1[4]" is stuck at GND File: C:/Users/petry/OneDrive/projects_quartus/SPI/spi.v Line: 16
    Warning (13410): Pin "HEX1[5]" is stuck at GND File: C:/Users/petry/OneDrive/projects_quartus/SPI/spi.v Line: 16
    Warning (13410): Pin "HEX1[6]" is stuck at GND File: C:/Users/petry/OneDrive/projects_quartus/SPI/spi.v Line: 16
    Warning (13410): Pin "HEX2[0]" is stuck at GND File: C:/Users/petry/OneDrive/projects_quartus/SPI/spi.v Line: 17
    Warning (13410): Pin "HEX2[1]" is stuck at GND File: C:/Users/petry/OneDrive/projects_quartus/SPI/spi.v Line: 17
    Warning (13410): Pin "HEX2[2]" is stuck at GND File: C:/Users/petry/OneDrive/projects_quartus/SPI/spi.v Line: 17
    Warning (13410): Pin "HEX2[3]" is stuck at GND File: C:/Users/petry/OneDrive/projects_quartus/SPI/spi.v Line: 17
    Warning (13410): Pin "HEX2[4]" is stuck at GND File: C:/Users/petry/OneDrive/projects_quartus/SPI/spi.v Line: 17
    Warning (13410): Pin "HEX2[5]" is stuck at GND File: C:/Users/petry/OneDrive/projects_quartus/SPI/spi.v Line: 17
    Warning (13410): Pin "HEX2[6]" is stuck at GND File: C:/Users/petry/OneDrive/projects_quartus/SPI/spi.v Line: 17
    Warning (13410): Pin "HEX3[0]" is stuck at GND File: C:/Users/petry/OneDrive/projects_quartus/SPI/spi.v Line: 18
    Warning (13410): Pin "HEX3[1]" is stuck at GND File: C:/Users/petry/OneDrive/projects_quartus/SPI/spi.v Line: 18
    Warning (13410): Pin "HEX3[2]" is stuck at GND File: C:/Users/petry/OneDrive/projects_quartus/SPI/spi.v Line: 18
    Warning (13410): Pin "HEX3[3]" is stuck at GND File: C:/Users/petry/OneDrive/projects_quartus/SPI/spi.v Line: 18
    Warning (13410): Pin "HEX3[4]" is stuck at GND File: C:/Users/petry/OneDrive/projects_quartus/SPI/spi.v Line: 18
    Warning (13410): Pin "HEX3[5]" is stuck at GND File: C:/Users/petry/OneDrive/projects_quartus/SPI/spi.v Line: 18
    Warning (13410): Pin "HEX3[6]" is stuck at GND File: C:/Users/petry/OneDrive/projects_quartus/SPI/spi.v Line: 18
    Warning (13410): Pin "HEX4[0]" is stuck at GND File: C:/Users/petry/OneDrive/projects_quartus/SPI/spi.v Line: 19
    Warning (13410): Pin "HEX4[1]" is stuck at GND File: C:/Users/petry/OneDrive/projects_quartus/SPI/spi.v Line: 19
    Warning (13410): Pin "HEX4[2]" is stuck at GND File: C:/Users/petry/OneDrive/projects_quartus/SPI/spi.v Line: 19
    Warning (13410): Pin "HEX4[3]" is stuck at GND File: C:/Users/petry/OneDrive/projects_quartus/SPI/spi.v Line: 19
    Warning (13410): Pin "HEX4[4]" is stuck at GND File: C:/Users/petry/OneDrive/projects_quartus/SPI/spi.v Line: 19
    Warning (13410): Pin "HEX4[5]" is stuck at GND File: C:/Users/petry/OneDrive/projects_quartus/SPI/spi.v Line: 19
    Warning (13410): Pin "HEX4[6]" is stuck at GND File: C:/Users/petry/OneDrive/projects_quartus/SPI/spi.v Line: 19
    Warning (13410): Pin "HEX5[0]" is stuck at GND File: C:/Users/petry/OneDrive/projects_quartus/SPI/spi.v Line: 20
    Warning (13410): Pin "HEX5[1]" is stuck at GND File: C:/Users/petry/OneDrive/projects_quartus/SPI/spi.v Line: 20
    Warning (13410): Pin "HEX5[2]" is stuck at GND File: C:/Users/petry/OneDrive/projects_quartus/SPI/spi.v Line: 20
    Warning (13410): Pin "HEX5[3]" is stuck at GND File: C:/Users/petry/OneDrive/projects_quartus/SPI/spi.v Line: 20
    Warning (13410): Pin "HEX5[4]" is stuck at GND File: C:/Users/petry/OneDrive/projects_quartus/SPI/spi.v Line: 20
    Warning (13410): Pin "HEX5[5]" is stuck at GND File: C:/Users/petry/OneDrive/projects_quartus/SPI/spi.v Line: 20
    Warning (13410): Pin "HEX5[6]" is stuck at GND File: C:/Users/petry/OneDrive/projects_quartus/SPI/spi.v Line: 20
    Warning (13410): Pin "LEDR[0]" is stuck at GND File: C:/Users/petry/OneDrive/projects_quartus/SPI/spi.v Line: 26
    Warning (13410): Pin "LEDR[1]" is stuck at GND File: C:/Users/petry/OneDrive/projects_quartus/SPI/spi.v Line: 26
    Warning (13410): Pin "LEDR[2]" is stuck at GND File: C:/Users/petry/OneDrive/projects_quartus/SPI/spi.v Line: 26
    Warning (13410): Pin "LEDR[3]" is stuck at GND File: C:/Users/petry/OneDrive/projects_quartus/SPI/spi.v Line: 26
    Warning (13410): Pin "LEDR[4]" is stuck at GND File: C:/Users/petry/OneDrive/projects_quartus/SPI/spi.v Line: 26
    Warning (13410): Pin "LEDR[5]" is stuck at GND File: C:/Users/petry/OneDrive/projects_quartus/SPI/spi.v Line: 26
    Warning (13410): Pin "LEDR[6]" is stuck at GND File: C:/Users/petry/OneDrive/projects_quartus/SPI/spi.v Line: 26
    Warning (13410): Pin "LEDR[7]" is stuck at GND File: C:/Users/petry/OneDrive/projects_quartus/SPI/spi.v Line: 26
    Warning (13410): Pin "LEDR[8]" is stuck at GND File: C:/Users/petry/OneDrive/projects_quartus/SPI/spi.v Line: 26
    Warning (13410): Pin "LEDR[9]" is stuck at GND File: C:/Users/petry/OneDrive/projects_quartus/SPI/spi.v Line: 26
Info (286030): Timing-Driven Synthesis is running
Info (17049): 5 registers lost all their fanouts during netlist optimizations.
Info (16010): Generating hard_block partition "hard_block:auto_generated_inst"
    Info (16011): Adding 0 node(s), including 0 DDIO, 0 PLL, 0 transceiver and 0 LCELL
Warning (21074): Design contains 18 input pin(s) that do not drive logic
    Warning (15610): No output dependent on input pin "CLOCK2_50" File: C:/Users/petry/OneDrive/projects_quartus/SPI/spi.v Line: 9
    Warning (15610): No output dependent on input pin "CLOCK3_50" File: C:/Users/petry/OneDrive/projects_quartus/SPI/spi.v Line: 10
    Warning (15610): No output dependent on input pin "CLOCK4_50" File: C:/Users/petry/OneDrive/projects_quartus/SPI/spi.v Line: 11
    Warning (15610): No output dependent on input pin "CLOCK_50" File: C:/Users/petry/OneDrive/projects_quartus/SPI/spi.v Line: 12
    Warning (15610): No output dependent on input pin "KEY[0]" File: C:/Users/petry/OneDrive/projects_quartus/SPI/spi.v Line: 23
    Warning (15610): No output dependent on input pin "KEY[1]" File: C:/Users/petry/OneDrive/projects_quartus/SPI/spi.v Line: 23
    Warning (15610): No output dependent on input pin "KEY[2]" File: C:/Users/petry/OneDrive/projects_quartus/SPI/spi.v Line: 23
    Warning (15610): No output dependent on input pin "KEY[3]" File: C:/Users/petry/OneDrive/projects_quartus/SPI/spi.v Line: 23
    Warning (15610): No output dependent on input pin "SW[0]" File: C:/Users/petry/OneDrive/projects_quartus/SPI/spi.v Line: 29
    Warning (15610): No output dependent on input pin "SW[1]" File: C:/Users/petry/OneDrive/projects_quartus/SPI/spi.v Line: 29
    Warning (15610): No output dependent on input pin "SW[2]" File: C:/Users/petry/OneDrive/projects_quartus/SPI/spi.v Line: 29
    Warning (15610): No output dependent on input pin "SW[3]" File: C:/Users/petry/OneDrive/projects_quartus/SPI/spi.v Line: 29
    Warning (15610): No output dependent on input pin "SW[4]" File: C:/Users/petry/OneDrive/projects_quartus/SPI/spi.v Line: 29
    Warning (15610): No output dependent on input pin "SW[5]" File: C:/Users/petry/OneDrive/projects_quartus/SPI/spi.v Line: 29
    Warning (15610): No output dependent on input pin "SW[6]" File: C:/Users/petry/OneDrive/projects_quartus/SPI/spi.v Line: 29
    Warning (15610): No output dependent on input pin "SW[7]" File: C:/Users/petry/OneDrive/projects_quartus/SPI/spi.v Line: 29
    Warning (15610): No output dependent on input pin "SW[8]" File: C:/Users/petry/OneDrive/projects_quartus/SPI/spi.v Line: 29
    Warning (15610): No output dependent on input pin "SW[9]" File: C:/Users/petry/OneDrive/projects_quartus/SPI/spi.v Line: 29
Info (21057): Implemented 115 device resources after synthesis - the final resource count might be different
    Info (21058): Implemented 18 input pins
    Info (21059): Implemented 52 output pins
    Info (21060): Implemented 36 bidirectional pins
    Info (21061): Implemented 9 logic cells
Info: Quartus Prime Analysis & Synthesis was successful. 0 errors, 121 warnings
    Info: Peak virtual memory: 5023 megabytes
    Info: Processing ended: Mon Aug 03 16:00:21 2020
    Info: Elapsed time: 00:00:26
    Info: Total CPU time (on all processors): 00:00:45


